▲ Next.js 16.2.10 (Turbopack)
- Local:         http://localhost:3100
- Network:       http://192.168.0.213:3100
✓ Ready in 437ms

 GET /api/health 200 in 187ms (next.js: 117ms, application-code: 69ms)
 POST /api/generate 200 in 389ms (next.js: 25ms, application-code: 365ms)
 POST /api/generate 200 in 183ms (next.js: 3ms, application-code: 181ms)
 POST /api/generate 200 in 702ms (next.js: 2ms, application-code: 700ms)
 POST /api/generate 200 in 2.6s (next.js: 3ms, application-code: 2.6s)
 POST /api/generate 200 in 1552ms (next.js: 1982µs, application-code: 1550ms)
 POST /api/generate 200 in 942ms (next.js: 1990µs, application-code: 940ms)
 POST /api/generate 200 in 3.3s (next.js: 2ms, application-code: 3.3s)
 POST /api/generate 200 in 1587ms (next.js: 3ms, application-code: 1585ms)
 POST /api/generate 200 in 3.4s (next.js: 2ms, application-code: 3.4s)
 POST /api/generate 200 in 1269ms (next.js: 2ms, application-code: 1267ms)
 POST /api/generate 200 in 574ms (next.js: 1833µs, application-code: 572ms)
 POST /api/generate 200 in 1122ms (next.js: 1772µs, application-code: 1121ms)
 POST /api/generate 200 in 904ms (next.js: 1833µs, application-code: 902ms)
 POST /api/generate 200 in 420ms (next.js: 1707µs, application-code: 418ms)
 POST /api/generate 200 in 764ms (next.js: 1815µs, application-code: 762ms)
 POST /api/generate 200 in 990ms (next.js: 1629µs, application-code: 989ms)
 POST /api/generate 200 in 1374ms (next.js: 1696µs, application-code: 1373ms)
 POST /api/generate 200 in 1300ms (next.js: 1736µs, application-code: 1298ms)
 POST /api/generate 200 in 663ms (next.js: 1741µs, application-code: 662ms)
 POST /api/generate 200 in 1186ms (next.js: 1699µs, application-code: 1184ms)
 POST /api/generate 200 in 665ms (next.js: 1756µs, application-code: 664ms)
 POST /api/generate 200 in 6.5s (next.js: 1956µs, application-code: 6.5s)
 POST /api/generate 200 in 498ms (next.js: 1804µs, application-code: 496ms)
 POST /api/generate 200 in 2.4s (next.js: 1815µs, application-code: 2.4s)
 POST /api/generate 200 in 534ms (next.js: 1664µs, application-code: 532ms)
 POST /api/generate 200 in 3.1s (next.js: 1823µs, application-code: 3.1s)
 POST /api/generate 200 in 689ms (next.js: 1980µs, application-code: 687ms)
 POST /api/generate 200 in 1175ms (next.js: 1615µs, application-code: 1173ms)
 POST /api/generate 200 in 1106ms (next.js: 1996µs, application-code: 1104ms)
 POST /api/generate 200 in 881ms (next.js: 1843µs, application-code: 879ms)
